[0m09:04:47.577667 [debug] [MainThread]: Sending event: {'category': 'dbt', 'action': 'invocation', 'label': 'start', 'context': [<snowplow_tracker.self_describing_json.SelfDescribingJson object at 0x000001DEB13C04A0>, <snowplow_tracker.self_describing_json.SelfDescribingJson object at 0x000001DEB43A6F30>, <snowplow_tracker.self_describing_json.SelfDescribingJson object at 0x000001DEB43A64B0>]}


============================== 09:04:47.588332 | 6f2d916b-b0ef-4458-9040-c722a00af5fa ==============================
[0m09:04:47.588332 [info ] [MainThread]: Running with dbt=1.11.6
[0m09:04:47.589382 [debug] [MainThread]: running dbt with arguments {'version_check': 'True', 'no_print': 'None', 'static_parser': 'True', 'warn_error_options': 'WarnErrorOptionsV2(error=[], warn=[], silence=[])', 'target_path': 'None', 'printer_width': '80', 'write_json': 'True', 'introspect': 'True', 'log_cache_events': 'False', 'empty': 'None', 'cache_selected_only': 'False', 'fail_fast': 'False', 'debug': 'False', 'log_format': 'default', 'profiles_dir': 'C:\\Users\\rodri\\.dbt', 'send_anonymous_usage_stats': 'True', 'quiet': 'False', 'warn_error': 'None', 'partial_parse': 'True', 'invocation_command': 'dbt init world_bank_dbt', 'use_colors': 'True', 'indirect_selection': 'eager', 'use_experimental_parser': 'False', 'log_path': 'logs'}
[0m09:04:47.656192 [info ] [MainThread]: Creating dbt configuration folder at C:\Users\rodri\.dbt
[0m09:04:47.663450 [debug] [MainThread]: Starter project path: C:\Users\rodri\anaconda3\Anaconda\Lib\site-packages\dbt\include\starter_project
[0m09:04:47.722366 [info ] [MainThread]: 
Your new dbt project "world_bank_dbt" was created!

For more information on how to configure the profiles.yml file,
please consult the dbt documentation here:

  https://docs.getdbt.com/docs/configure-your-profile

One more thing:

Need help? Don't hesitate to reach out to us via GitHub issues or on Slack:

  https://community.getdbt.com/

Happy modeling!

[0m09:04:47.723371 [info ] [MainThread]: Setting up your profile.
[0m09:08:36.822721 [info ] [MainThread]: Profile world_bank_dbt written to C:\Users\rodri\.dbt\profiles.yml using target's profile_template.yml and your supplied values. Run 'dbt debug' to validate the connection.
[0m09:08:36.824931 [debug] [MainThread]: Command `dbt init` succeeded at 09:08:36.824931 after 229.42 seconds
[0m09:08:36.824931 [debug] [MainThread]: Sending event: {'category': 'dbt', 'action': 'invocation', 'label': 'end', 'context': [<snowplow_tracker.self_describing_json.SelfDescribingJson object at 0x000001DEB4A88800>, <snowplow_tracker.self_describing_json.SelfDescribingJson object at 0x000001DEB4A8A330>, <snowplow_tracker.self_describing_json.SelfDescribingJson object at 0x000001DEB61E2B10>]}
[0m09:08:36.824931 [debug] [MainThread]: Flushing usage events
[0m09:08:37.402187 [debug] [MainThread]: An error was encountered while trying to flush usage events
